<?xml version="1.0" encoding="UTF-8"?>
<!-- Generated by org.testng.reporters.JUnitReportReporter -->
<testsuite hostname="Anish" failures="0" tests="1" name="stcThree.TC_04_Get_new_line_internet_prepaid" time="101.711" errors="0" timestamp="2024-07-16T16:07:56 IST" skipped="0">
  <testcase classname="stcThree.TC_04_Get_new_line_internet_prepaid" name="sc_Get_new_line_internet_prepaid" time="101.711"/>
</testsuite> <!-- stcThree.TC_04_Get_new_line_internet_prepaid -->
