<?xml version="1.0" encoding="UTF-8"?>
<!-- Generated by org.testng.reporters.JUnitReportReporter -->
<testsuite hostname="Anish" failures="0" tests="1" name="stcTwo2B.TC_17_Dashboard_EVoucher" time="160.027" errors="0" timestamp="2024-07-16T15:42:32 IST" skipped="0">
  <testcase classname="stcTwo2B.TC_17_Dashboard_EVoucher" name="sc_Dashboard_EVoucher" time="160.027"/>
</testsuite> <!-- stcTwo2B.TC_17_Dashboard_EVoucher -->
