<?xml version="1.0" encoding="UTF-8"?>
<!-- Generated by org.testng.reporters.JUnitReportReporter -->
<testsuite hostname="Anish" failures="0" tests="2" name="stcFive.TC_10_Qitaf" time="41.708" errors="0" timestamp="2024-07-16T16:07:56 IST" skipped="0">
  <testcase classname="stcFive.TC_10_Qitaf" name="sc_Qitaf_Search_Reward_banner" time="22.567"/>
  <testcase classname="stcFive.TC_10_Qitaf" name="sc_BurgerMenuOptions" time="19.141"/>
</testsuite> <!-- stcFive.TC_10_Qitaf -->
