<?xml version="1.0" encoding="UTF-8"?>
<!-- Generated by org.testng.reporters.JUnitReportReporter -->
<testsuite hostname="Anish" failures="0" tests="1" name="stcGuest.TC_03_Recharge" time="38.689" errors="0" timestamp="2024-07-21T12:39:51 IST" skipped="0">
  <testcase classname="stcGuest.TC_03_Recharge" name="sc_RechargeScenario" time="38.689"/>
</testsuite> <!-- stcGuest.TC_03_Recharge -->
