<?xml version="1.0" encoding="UTF-8"?>
<!-- Generated by org.testng.reporters.JUnitReportReporter -->
<testsuite hostname="Anish" failures="0" tests="1" name="stcGuest_EStore.TC_14_GuestUserSmartPhones" time="93.206" errors="0" timestamp="2024-07-03T18:03:59 IST" skipped="0">
  <testcase classname="stcGuest_EStore.TC_14_GuestUserSmartPhones" name="sc_GuestUserSmartPhones" time="93.206"/>
</testsuite> <!-- stcGuest_EStore.TC_14_GuestUserSmartPhones -->
