<?xml version="1.0" encoding="UTF-8"?>
<!-- Generated by org.testng.reporters.JUnitReportReporter -->
<testsuite hostname="Anish" failures="0" tests="1" name="stc.TC_05_quickPay_Multiple_Line_Postpaid" time="53.644" errors="0" timestamp="2024-07-16T15:42:32 IST" skipped="0">
  <testcase classname="stc.TC_05_quickPay_Multiple_Line_Postpaid" name="sc_quickPay_Multiple_Line_Postpaid_Scenario" time="53.644"/>
</testsuite> <!-- stc.TC_05_quickPay_Multiple_Line_Postpaid -->
