<?xml version="1.0" encoding="UTF-8"?>
<!-- Generated by org.testng.reporters.JUnitReportReporter -->
<testsuite hostname="Anish" failures="0" tests="1" name="stcFive.TC_08_GuestUserExploreDevices" time="71.541" errors="0" timestamp="2024-06-26T17:15:22 IST" skipped="0">
  <testcase classname="stcFive.TC_08_GuestUserExploreDevices" name="sc_GuestUser_MainDashBoard" time="71.541"/>
</testsuite> <!-- stcFive.TC_08_GuestUserExploreDevices -->
