<?xml version="1.0" encoding="UTF-8"?>
<!-- Generated by org.testng.reporters.JUnitReportReporter -->
<testsuite hostname="Anish" failures="0" tests="1" name="stcTwo2A.TC_11_CivilId_LoginScenario" time="28.407" errors="0" timestamp="2024-07-16T15:42:32 IST" skipped="0">
  <testcase classname="stcTwo2A.TC_11_CivilId_LoginScenario" name="loginCivilId" time="28.407"/>
</testsuite> <!-- stcTwo2A.TC_11_CivilId_LoginScenario -->
