<?xml version="1.0" encoding="UTF-8"?>
<!-- Generated by org.testng.reporters.JUnitReportReporter -->
<testsuite hostname="Anish" failures="0" tests="1" name="stcGuest.TC_02_quickPay" time="38.577" errors="0" timestamp="2024-07-21T12:39:51 IST" skipped="0">
  <testcase classname="stcGuest.TC_02_quickPay" name="sc_QuickPayScenario" time="38.577"/>
</testsuite> <!-- stcGuest.TC_02_quickPay -->
