<?xml version="1.0" encoding="UTF-8"?>
<!-- Generated by org.testng.reporters.JUnitReportReporter -->
<testsuite hostname="Anish" failures="0" tests="1" name="stcTwo2B.TC_13_Dashboard_Usage_Subscription_Recharge_PayBill" time="111.874" errors="0" timestamp="2024-07-18T14:56:07 IST" skipped="0">
  <testcase classname="stcTwo2B.TC_13_Dashboard_Usage_Subscription_Recharge_PayBill" name="sc_Dashboard_Usage_Subscription_Recharge_PayBill" time="111.874"/>
</testsuite> <!-- stcTwo2B.TC_13_Dashboard_Usage_Subscription_Recharge_PayBill -->
