<?xml version="1.0" encoding="UTF-8"?>
<!-- Generated by org.testng.reporters.JUnitReportReporter -->
<testsuite hostname="Anish" failures="0" tests="1" name="stcTwo.TC_11_CivilId_LoginScenario" time="48.684" errors="0" timestamp="2024-04-01T12:53:33 IST" skipped="0">
  <testcase classname="stcTwo.TC_11_CivilId_LoginScenario" name="loginCivilId" time="48.684"/>
</testsuite> <!-- stcTwo.TC_11_CivilId_LoginScenario -->
