<?xml version="1.0" encoding="UTF-8"?>
<!-- Generated by org.testng.reporters.JUnitReportReporter -->
<testsuite hostname="Anish" failures="0" tests="1" name="stcThree.TT.TC_01_Get_new_line_mobile_prepaid" time="123.389" errors="0" timestamp="2024-06-10T15:57:58 IST" skipped="0">
  <testcase classname="stcThree.TT.TC_01_Get_new_line_mobile_prepaid" name="sc_GetNewLineMobilePrepaid" time="123.389"/>
</testsuite> <!-- stcThree.TT.TC_01_Get_new_line_mobile_prepaid -->
