<?xml version="1.0" encoding="UTF-8"?>
<!-- Generated by org.testng.reporters.JUnitReportReporter -->
<testsuite hostname="Anish" failures="0" tests="1" name="stcTwo.TC_19_DashBoard_Roaming_Other" time="207.956" errors="0" timestamp="2024-04-01T12:53:33 IST" skipped="0">
  <testcase classname="stcTwo.TC_19_DashBoard_Roaming_Other" name="RoamingDestination" time="207.956"/>
</testsuite> <!-- stcTwo.TC_19_DashBoard_Roaming_Other -->
