<?xml version="1.0" encoding="UTF-8"?>
<!-- Generated by org.testng.reporters.JUnitReportReporter -->
<testsuite hostname="Anish" failures="0" tests="1" name="stcTwo2A.TC_11_OTP_Login_Scenario" time="19.340" errors="0" timestamp="2024-07-16T15:42:32 IST" skipped="0">
  <testcase classname="stcTwo2A.TC_11_OTP_Login_Scenario" name="sc_VerifyOTPPage" time="19.340"/>
</testsuite> <!-- stcTwo2A.TC_11_OTP_Login_Scenario -->
