<?xml version="1.0" encoding="UTF-8"?>
<!-- Generated by org.testng.reporters.JUnitReportReporter -->
<testsuite hostname="Anish" failures="0" tests="1" name="stcThree.TT.TC_04_Get_new_line_internet_prepaid" time="112.682" errors="0" timestamp="2024-06-10T15:57:58 IST" skipped="0">
  <testcase classname="stcThree.TT.TC_04_Get_new_line_internet_prepaid" name="sc_Get_new_line_internet_prepaid" time="112.682"/>
</testsuite> <!-- stcThree.TT.TC_04_Get_new_line_internet_prepaid -->
