<?xml version="1.0" encoding="UTF-8"?>
<!-- Generated by org.testng.reporters.JUnitReportReporter -->
<testsuite hostname="Anish" failures="0" tests="1" name="stcFour.BurgerMenu" time="276.361" errors="0" timestamp="2024-07-16T16:07:56 IST" skipped="0">
  <testcase classname="stcFour.BurgerMenu" name="sc_burgerMenuSettings" time="276.361"/>
</testsuite> <!-- stcFour.BurgerMenu -->
