<?xml version="1.0" encoding="UTF-8"?>
<!-- Generated by org.testng.reporters.JUnitReportReporter -->
<testsuite hostname="Anish" failures="0" tests="1" name="stcGuest.TC_04_MultiPayment" time="133.228" errors="0" timestamp="2024-07-21T12:39:51 IST" skipped="0">
  <testcase classname="stcGuest.TC_04_MultiPayment" name="sc_MultiplePaymentScenario" time="133.228"/>
</testsuite> <!-- stcGuest.TC_04_MultiPayment -->
