<?xml version="1.0" encoding="UTF-8"?>
<!-- Generated by org.testng.reporters.JUnitReportReporter -->
<testsuite hostname="Anish" failures="0" tests="1" name="stcTwo2A.TC_19_DashBoard_Roaming_Other" time="146.641" errors="0" timestamp="2024-07-16T15:42:31 IST" skipped="0">
  <testcase classname="stcTwo2A.TC_19_DashBoard_Roaming_Other" name="RoamingDestination" time="146.641"/>
</testsuite> <!-- stcTwo2A.TC_19_DashBoard_Roaming_Other -->
