<?xml version="1.0" encoding="UTF-8"?>
<!-- Generated by org.testng.reporters.JUnitReportReporter -->
<testsuite hostname="Anish" failures="0" tests="1" name="stcTwo.TC_18_Dashboard_Bill_Prepaid" time="157.424" errors="0" timestamp="2024-04-01T12:53:33 IST" skipped="0">
  <testcase classname="stcTwo.TC_18_Dashboard_Bill_Prepaid" name="sc_Dashboard_Prepaid_Bill" time="157.424"/>
</testsuite> <!-- stcTwo.TC_18_Dashboard_Bill_Prepaid -->
