<?xml version="1.0" encoding="UTF-8"?>
<!-- Generated by org.testng.reporters.JUnitReportReporter -->
<testsuite hostname="Anish" failures="0" tests="1" name="stcThree.TC_01_Get_new_line_mobile_prepaid" time="121.499" errors="0" timestamp="2024-07-16T16:07:56 IST" skipped="0">
  <testcase classname="stcThree.TC_01_Get_new_line_mobile_prepaid" name="sc_GetNewLineMobilePrepaid" time="121.499"/>
</testsuite> <!-- stcThree.TC_01_Get_new_line_mobile_prepaid -->
