<?xml version="1.0" encoding="UTF-8"?>
<!-- Generated by org.testng.reporters.JUnitReportReporter -->
<testsuite hostname="Anish" failures="0" tests="1" name="stcTwo.TC_11_OTP_Login_Scenario" time="26.539" errors="0" timestamp="2024-04-01T12:53:33 IST" skipped="0">
  <testcase classname="stcTwo.TC_11_OTP_Login_Scenario" name="sc_VerifyOTPPage" time="26.539"/>
</testsuite> <!-- stcTwo.TC_11_OTP_Login_Scenario -->
