<?xml version="1.0" encoding="UTF-8"?>
<!-- Generated by org.testng.reporters.JUnitReportReporter -->
<testsuite hostname="Anish" failures="0" tests="1" name="stcTwo2A.TC_18_Dashboard_Bill_PostPaid" time="136.293" errors="0" timestamp="2024-07-16T15:42:32 IST" skipped="0">
  <testcase classname="stcTwo2A.TC_18_Dashboard_Bill_PostPaid" name="sc_Dashboard_PostPaid_Bill" time="136.293"/>
</testsuite> <!-- stcTwo2A.TC_18_Dashboard_Bill_PostPaid -->
